\BOOKMARK [0][-]{section*.3}{Table of Contents}{}% 1
\BOOKMARK [0][-]{chapter.1}{1 A short introduction to LaTeX}{}% 2
\BOOKMARK [1][-]{dummy.1}{Getting Started}{chapter.1}% 3
\BOOKMARK [1][-]{dummy.2}{Math}{chapter.1}% 4
\BOOKMARK [1][-]{dummy.3}{Figures}{chapter.1}% 5
\BOOKMARK [1][-]{dummy.4}{Citations and Bibiliography}{chapter.1}% 6
\BOOKMARK [1][-]{dummy.5}{Miscellaneous}{chapter.1}% 7
\BOOKMARK [1][-]{dummy.6}{Homework}{chapter.1}% 8
\BOOKMARK [0][-]{chapter.2}{2 A short introduction to Python}{}% 9
\BOOKMARK [1][-]{dummy.7}{Data Types}{chapter.2}% 10
\BOOKMARK [1][-]{dummy.8}{Loops and Logic}{chapter.2}% 11
\BOOKMARK [1][-]{dummy.9}{Functions}{chapter.2}% 12
\BOOKMARK [1][-]{dummy.10}{Plotting}{chapter.2}% 13
\BOOKMARK [1][-]{dummy.11}{Classes}{chapter.2}% 14
\BOOKMARK [1][-]{dummy.12}{Homework}{chapter.2}% 15
\BOOKMARK [-1][-]{part.1}{I Preliminaries}{}% 16
\BOOKMARK [0][-]{chapter.3}{3 Discrete Grids}{part.1}% 17
\BOOKMARK [1][-]{dummy.13}{Spatial grids}{chapter.3}% 18
\BOOKMARK [1][-]{dummy.14}{Interpolation and extrapolation}{chapter.3}% 19
\BOOKMARK [1][-]{dummy.15}{Homework}{chapter.3}% 20
\BOOKMARK [0][-]{chapter.4}{4 Numerical Derivatives}{part.1}% 21
\BOOKMARK [1][-]{dummy.16}{Numerical Derivatives}{chapter.4}% 22
\BOOKMARK [1][-]{dummy.17}{Derivatives on Grids}{chapter.4}% 23
\BOOKMARK [1][-]{dummy.18}{Errors in the approximate derivative formulas}{chapter.4}% 24
\BOOKMARK [1][-]{dummy.19}{Homework Problems}{chapter.4}% 25
\BOOKMARK [0][-]{chapter.5}{5 Overview}{part.1}% 26
\BOOKMARK [1][-]{dummy.20}{What is a differential equation?}{chapter.5}% 27
\BOOKMARK [1][-]{dummy.21}{How do we categorize differential equations?}{chapter.5}% 28
\BOOKMARK [1][-]{dummy.22}{Boundary and Initial Conditions}{chapter.5}% 29
\BOOKMARK [1][-]{dummy.23}{A second-order differential equation as two first-orders}{chapter.5}% 30
\BOOKMARK [-1][-]{part.2}{II Ordinary Differential Equations}{}% 31
\BOOKMARK [0][-]{chapter.6}{6 Euler's Method}{part.2}% 32
\BOOKMARK [1][-]{dummy.24}{Solving Differential Equations Numerically}{chapter.6}% 33
\BOOKMARK [1][-]{dummy.25}{Homework}{chapter.6}% 34
\BOOKMARK [0][-]{chapter.7}{7 Second-order Runge-Kutta}{part.2}% 35
\BOOKMARK [1][-]{dummy.26}{Second Order Runge-Kutta}{chapter.7}% 36
\BOOKMARK [1][-]{dummy.27}{Convergence}{chapter.7}% 37
\BOOKMARK [1][-]{dummy.28}{Error on 2nd-order Runge-Kutta }{chapter.7}% 38
\BOOKMARK [1][-]{dummy.29}{Homework}{chapter.7}% 39
\BOOKMARK [0][-]{chapter.8}{8 Fourth-order Runge-Kutta and LeapFrog}{part.2}% 40
\BOOKMARK [1][-]{dummy.30}{Fourth-Order Runge-Kutta}{chapter.8}% 41
\BOOKMARK [1][-]{dummy.31}{The leapfrog method}{chapter.8}% 42
\BOOKMARK [1][-]{dummy.32}{Homework}{chapter.8}% 43
\BOOKMARK [0][-]{chapter.9}{9 Chaos}{part.2}% 44
\BOOKMARK [1][-]{dummy.33}{Homework}{chapter.9}% 45
\BOOKMARK [0][-]{chapter.10}{10 Differential Equations with Boundary Conditions}{part.2}% 46
\BOOKMARK [1][-]{dummy.34}{Solving differential equations with linear algebra}{chapter.10}% 47
\BOOKMARK [1][-]{dummy.35}{Derivative boundary conditions}{chapter.10}% 48
\BOOKMARK [1][-]{dummy.36}{Nonlinear differential equations}{chapter.10}% 49
\BOOKMARK [1][-]{dummy.37}{Homework}{chapter.10}% 50
\BOOKMARK [-1][-]{part.3}{III Partial Differential Equations}{}% 51
\BOOKMARK [0][-]{chapter.11}{11 The Wave Equation: Steady State and Resonance}{part.3}% 52
\BOOKMARK [1][-]{dummy.38}{Steady state solution}{chapter.11}% 53
\BOOKMARK [1][-]{dummy.39}{Resonance and the eigenvalue problem}{chapter.11}% 54
\BOOKMARK [1][-]{dummy.40}{Homework}{chapter.11}% 55
\BOOKMARK [0][-]{chapter.12}{12 The Hanging Chain}{part.3}% 56
\BOOKMARK [1][-]{dummy.41}{Resonance for a hanging chain}{chapter.12}% 57
\BOOKMARK [0][-]{chapter.13}{13 Lattice Vibrations }{part.3}% 58
\BOOKMARK [1][-]{dummy.42}{Coupled Oscillators}{chapter.13}% 59
\BOOKMARK [1][-]{dummy.43}{Homework}{chapter.13}% 60
\BOOKMARK [0][-]{chapter.14}{14 Animating the Wave Equation: Staggered Leapfrog}{part.3}% 61
\BOOKMARK [1][-]{dummy.44}{The wave equation with staggered leapfrog}{chapter.14}% 62
\BOOKMARK [1][-]{dummy.45}{Homework}{chapter.14}% 63
\BOOKMARK [0][-]{chapter.15}{15 The driven, damped wave equation}{part.3}% 64
\BOOKMARK [1][-]{dummy.46}{The damped and driven wave equation}{chapter.15}% 65
\BOOKMARK [1][-]{dummy.47}{Homework}{chapter.15}% 66
\BOOKMARK [0][-]{chapter.16}{16 The 2-D Wave Equation With Staggered Leapfrog}{part.3}% 67
\BOOKMARK [1][-]{dummy.48}{Two dimensional grids}{chapter.16}% 68
\BOOKMARK [1][-]{dummy.49}{The two-dimensional wave equation}{chapter.16}% 69
\BOOKMARK [1][-]{dummy.50}{Homework}{chapter.16}% 70
\BOOKMARK [1][-]{dummy.51}{Elliptic, hyperbolic, and parabolic PDEs and their boundary conditions}{chapter.16}% 71
\BOOKMARK [0][-]{chapter.17}{17 The Discrete Fourier Transform}{part.3}% 72
\BOOKMARK [1][-]{dummy.52}{The Fourier Series}{chapter.17}% 73
\BOOKMARK [1][-]{dummy.53}{The Fourier Transform}{chapter.17}% 74
\BOOKMARK [1][-]{dummy.54}{The Discrete Fourier Transform}{chapter.17}% 75
\BOOKMARK [1][-]{dummy.55}{Homework}{chapter.17}% 76
\BOOKMARK [0][-]{chapter.18}{18 The Diffusion, or Heat, Equation}{part.3}% 77
\BOOKMARK [1][-]{dummy.56}{Analytic approach to the diffusion equation}{chapter.18}% 78
\BOOKMARK [1][-]{dummy.57}{Numerical approach: a first try}{chapter.18}% 79
\BOOKMARK [1][-]{dummy.58}{Homework}{chapter.18}% 80
\BOOKMARK [0][-]{chapter.19}{19 Implicit Methods: the Crank-Nicolson Algorithm}{part.3}% 81
\BOOKMARK [1][-]{dummy.59}{Implicit methods}{chapter.19}% 82
\BOOKMARK [1][-]{dummy.60}{The diffusion equation with Crank-Nicolson}{chapter.19}% 83
\BOOKMARK [1][-]{dummy.61}{Homework}{chapter.19}% 84
\BOOKMARK [0][-]{chapter.20}{20 Random Walks}{part.3}% 85
\BOOKMARK [1][-]{dummy.62}{One-dimensional random walk}{chapter.20}% 86
\BOOKMARK [1][-]{dummy.63}{Diffusion in three dimensions}{chapter.20}% 87
\BOOKMARK [1][-]{dummy.64}{Homework}{chapter.20}% 88
\BOOKMARK [0][-]{chapter.21}{21 Poisson's Equation I}{part.3}% 89
\BOOKMARK [1][-]{dummy.65}{Finite difference form}{chapter.21}% 90
\BOOKMARK [1][-]{dummy.66}{Iteration methods}{chapter.21}% 91
\BOOKMARK [1][-]{dummy.67}{Successive over-relaxation}{chapter.21}% 92
\BOOKMARK [1][-]{dummy.68}{Homework}{chapter.21}% 93
\BOOKMARK [0][-]{chapter.22}{22 Poisson's Equation II}{part.3}% 94
\BOOKMARK [1][-]{Item.319}{Homework}{chapter.22}% 95
\BOOKMARK [0][-]{chapter.23}{23 Schr\366dinger's Equation}{part.3}% 96
\BOOKMARK [1][-]{Item.323}{Particle in a box}{chapter.23}% 97
\BOOKMARK [1][-]{dummy.71}{Tunneling}{chapter.23}% 98
\BOOKMARK [0][-]{chapter.24}{24 Molecular Dynamics}{part.3}% 99
\BOOKMARK [1][-]{dummy.72}{Initialization}{chapter.24}% 100
\BOOKMARK [1][-]{dummy.73}{Calculating forces}{chapter.24}% 101
\BOOKMARK [1][-]{dummy.74}{Animating}{chapter.24}% 102
\BOOKMARK [1][-]{dummy.75}{Using the model}{chapter.24}% 103
\BOOKMARK [1][-]{dummy.76}{Homework}{chapter.24}% 104
\BOOKMARK [0][-]{chapter.25}{25 Ideas for student projects}{part.3}% 105
